<?xml version="1.0" encoding="UTF-8"?>
<!-- Generated by org.testng.reporters.JUnitReportReporter -->
<testsuite name="com.crm.qa.testcases.HowItWorksHomeTest" tests="8" time="175.010" ignored="0" failures="0" timestamp="07 Aug 2019 12:11:54 GMT" skipped="0" hostname="DESKTOP-G1T6KU3" errors="0">
  <testcase name="verifyDetailsPageTitleTest" time="21.717" classname="com.crm.qa.testcases.HowItWorksHomeTest"/>
  <testcase name="footerPrivacyPolicy" time="23.475" classname="com.crm.qa.testcases.HowItWorksHomeTest"/>
  <testcase name="assertTermsAndCond" time="21.339" classname="com.crm.qa.testcases.HowItWorksHomeTest"/>
  <testcase name="isBrandImageDisplayed" time="21.288" classname="com.crm.qa.testcases.HowItWorksHomeTest"/>
  <testcase name="footerContactUs" time="22.465" classname="com.crm.qa.testcases.HowItWorksHomeTest"/>
  <testcase name="textLoyaltyCard" time="21.554" classname="com.crm.qa.testcases.HowItWorksHomeTest"/>
  <testcase name="footerFAQ" time="20.999" classname="com.crm.qa.testcases.HowItWorksHomeTest"/>
  <testcase name="textEarnAndRedeem" time="22.173" classname="com.crm.qa.testcases.HowItWorksHomeTest"/>
</testsuite> <!-- com.crm.qa.testcases.HowItWorksHomeTest -->
