<?xml version="1.0" encoding="UTF-8"?>
<!-- Generated by org.testng.reporters.JUnitReportReporter -->
<testsuite name="com.crm.qa.testcases.RegistrationPerksPaymentTest" tests="2" time="22.573" ignored="0" failures="0" timestamp="08 Aug 2019 11:58:15 GMT" skipped="0" hostname="DESKTOP-G1T6KU3" errors="0">
  <testcase name="registerNewUserTest" time="7.026" classname="com.crm.qa.testcases.RegistrationPerksPaymentTest"/>
  <testcase name="RegistrationPerksPaymentPage" time="15.547" classname="com.crm.qa.testcases.RegistrationPerksPaymentTest"/>
</testsuite> <!-- com.crm.qa.testcases.RegistrationPerksPaymentTest -->
