<?xml version="1.0" encoding="UTF-8"?>
<!-- Generated by org.testng.reporters.JUnitReportReporter -->
<testsuite name="com.crm.qa.testcases.LocationsPageTest" tests="8" time="184.475" ignored="0" failures="0" timestamp="07 Aug 2019 09:30:54 GMT" skipped="0" hostname="DESKTOP-G1T6KU3" errors="0">
  <testcase name="footerFAQ" time="22.952" classname="com.crm.qa.testcases.LocationsPageTest"/>
  <testcase name="textBavInnLodgeDisplayed" time="22.871" classname="com.crm.qa.testcases.LocationsPageTest"/>
  <testcase name="verifyDetailsPageTitleTest" time="23.978" classname="com.crm.qa.testcases.LocationsPageTest"/>
  <testcase name="footerContactUs" time="22.939" classname="com.crm.qa.testcases.LocationsPageTest"/>
  <testcase name="textMainStreetShopsDisplayed" time="23.032" classname="com.crm.qa.testcases.LocationsPageTest"/>
  <testcase name="isBrandImageDisplayed" time="22.945" classname="com.crm.qa.testcases.LocationsPageTest"/>
  <testcase name="footerPrivacyPolicy" time="22.790" classname="com.crm.qa.testcases.LocationsPageTest"/>
  <testcase name="assertTermsAndCond" time="22.968" classname="com.crm.qa.testcases.LocationsPageTest"/>
</testsuite> <!-- com.crm.qa.testcases.LocationsPageTest -->
