<?xml version="1.0" encoding="UTF-8"?>
<!-- Generated by org.testng.reporters.JUnitReportReporter -->
<testsuite name="com.crm.qa.testcases.CheckSocialMediaTest" tests="5" time="154.904" ignored="0" failures="0" timestamp="07 Aug 2019 09:30:54 GMT" skipped="0" hostname="DESKTOP-G1T6KU3" errors="0">
  <testcase name="checkFacebook" time="29.522" classname="com.crm.qa.testcases.CheckSocialMediaTest"/>
  <testcase name="checkYelp" time="30.881" classname="com.crm.qa.testcases.CheckSocialMediaTest"/>
  <testcase name="checkYoutube" time="28.587" classname="com.crm.qa.testcases.CheckSocialMediaTest"/>
  <testcase name="checkTwitter" time="31.337" classname="com.crm.qa.testcases.CheckSocialMediaTest"/>
  <testcase name="checkTripAdvisor" time="34.577" classname="com.crm.qa.testcases.CheckSocialMediaTest"/>
</testsuite> <!-- com.crm.qa.testcases.CheckSocialMediaTest -->
