<?xml version="1.0" encoding="UTF-8"?>
<!-- Generated by org.testng.reporters.JUnitReportReporter -->
<testsuite name="com.crm.qa.testcases.DetailsPageTest" tests="7" time="46.127" ignored="0" failures="0" timestamp="07 Aug 2019 17:30:18 GMT" skipped="0" hostname="DESKTOP-G1T6KU3" errors="0">
  <testcase name="footerPrivacyPolicy" time="6.680" classname="com.crm.qa.testcases.DetailsPageTest"/>
  <testcase name="footerContactUs" time="5.987" classname="com.crm.qa.testcases.DetailsPageTest"/>
  <testcase name="verifyWelcomeName" time="5.774" classname="com.crm.qa.testcases.DetailsPageTest"/>
  <testcase name="referFriend" time="9.955" classname="com.crm.qa.testcases.DetailsPageTest"/>
  <testcase name="verifyHomeLoginPageTitleTest" time="5.472" classname="com.crm.qa.testcases.DetailsPageTest"/>
  <testcase name="footerFAQ" time="6.238" classname="com.crm.qa.testcases.DetailsPageTest"/>
  <testcase name="assertTermsAndCond" time="6.021" classname="com.crm.qa.testcases.DetailsPageTest"/>
</testsuite> <!-- com.crm.qa.testcases.DetailsPageTest -->
