<?xml version="1.0" encoding="UTF-8"?>
<!-- Generated by org.testng.reporters.JUnitReportReporter -->
<testsuite name="com.crm.qa.testcases.UploadRecieptPageTest" tests="8" time="10512.641" ignored="0" failures="0" timestamp="07 Aug 2019 09:30:54 GMT" skipped="0" hostname="DESKTOP-G1T6KU3" errors="0">
  <testcase name="imageIsDisplayed" time="21.533" classname="com.crm.qa.testcases.UploadRecieptPageTest"/>
  <testcase name="assertPrivacyPolicy" time="21.260" classname="com.crm.qa.testcases.UploadRecieptPageTest"/>
  <testcase name="assertTermsAndCond" time="21.598" classname="com.crm.qa.testcases.UploadRecieptPageTest"/>
  <testcase name="brandImageDisplayed" time="21.495" classname="com.crm.qa.testcases.UploadRecieptPageTest"/>
  <testcase name="uploadRecieptImageTest" time="10357.773" classname="com.crm.qa.testcases.UploadRecieptPageTest"/>
  <testcase name="verifyDetailsPageTitleTest" time="22.014" classname="com.crm.qa.testcases.UploadRecieptPageTest"/>
  <testcase name="assertFAQ" time="22.002" classname="com.crm.qa.testcases.UploadRecieptPageTest"/>
  <testcase name="assertContactUs" time="24.966" classname="com.crm.qa.testcases.UploadRecieptPageTest"/>
</testsuite> <!-- com.crm.qa.testcases.UploadRecieptPageTest -->
