<?xml version="1.0" encoding="UTF-8"?>
<!-- Generated by org.testng.reporters.JUnitReportReporter -->
<testsuite name="com.mytests.LoginTest" tests="3" time="36.718" ignored="0" failures="0" timestamp="13 Aug 2019 17:55:49 GMT" skipped="0" hostname="DESKTOP-G1T6KU3" errors="0">
  <testcase name="verifyLoginPageHeaderTextTest" time="9.359" classname="com.mytests.LoginTest"/>
  <testcase name="doLoginTest" time="19.347" classname="com.mytests.LoginTest"/>
  <testcase name="verifyLoginPageTitleTest" time="8.012" classname="com.mytests.LoginTest"/>
</testsuite> <!-- com.mytests.LoginTest -->
