<?xml version="1.0" encoding="UTF-8"?>
<!-- Generated by org.testng.reporters.JUnitReportReporter -->
<testsuite name="com.crm.qa.testcases.LoginPageTest" tests="3" time="19.099" ignored="0" failures="0" timestamp="07 Aug 2019 17:44:52 GMT" skipped="0" hostname="DESKTOP-G1T6KU3" errors="0">
  <testcase name="crmLogoImageTest" time="7.501" classname="com.crm.qa.testcases.LoginPageTest"/>
  <testcase name="loginTest" time="5.918" classname="com.crm.qa.testcases.LoginPageTest"/>
  <testcase name="loginPageTitleTest" time="5.680" classname="com.crm.qa.testcases.LoginPageTest"/>
</testsuite> <!-- com.crm.qa.testcases.LoginPageTest -->
