<?xml version="1.0" encoding="UTF-8"?>
<!-- Generated by org.testng.reporters.JUnitReportReporter -->
<testsuite name="com.crm.qa.testcases.CheckBalancePageTest" tests="5" time="119.311" ignored="0" failures="0" timestamp="11 Aug 2019 09:57:56 GMT" skipped="0" hostname="DESKTOP-G1T6KU3" errors="0">
  <testcase name="footerPrivacyPolicy" time="23.122" classname="com.crm.qa.testcases.CheckBalancePageTest"/>
  <testcase name="footerFAQ" time="23.438" classname="com.crm.qa.testcases.CheckBalancePageTest"/>
  <testcase name="assertTermsAndCond" time="23.686" classname="com.crm.qa.testcases.CheckBalancePageTest"/>
  <testcase name="verifyDetailsPageTitleTest" time="23.693" classname="com.crm.qa.testcases.CheckBalancePageTest"/>
  <testcase name="footerContactUs" time="25.372" classname="com.crm.qa.testcases.CheckBalancePageTest"/>
</testsuite> <!-- com.crm.qa.testcases.CheckBalancePageTest -->
