<?xml version="1.0" encoding="UTF-8"?>
<!-- Generated by org.testng.reporters.JUnitReportReporter -->
<testsuite name="com.crm.qa.testcases.OffersPageTest" tests="5" time="120.490" ignored="0" failures="0" timestamp="07 Aug 2019 09:30:54 GMT" skipped="0" hostname="DESKTOP-G1T6KU3" errors="0">
  <testcase name="verifyLogoDisplayed" time="23.679" classname="com.crm.qa.testcases.OffersPageTest"/>
  <testcase name="verifyTextDisplayed" time="24.476" classname="com.crm.qa.testcases.OffersPageTest"/>
  <testcase name="verifySocialMediaFooter" time="24.494" classname="com.crm.qa.testcases.OffersPageTest"/>
  <testcase name="verifyMembersOffersLogoDisplayed" time="24.102" classname="com.crm.qa.testcases.OffersPageTest"/>
  <testcase name="verifyDetailsPageTitleTest" time="23.739" classname="com.crm.qa.testcases.OffersPageTest"/>
</testsuite> <!-- com.crm.qa.testcases.OffersPageTest -->
