<?xml version="1.0" encoding="UTF-8"?>
<!-- Generated by org.testng.reporters.JUnitReportReporter -->
<testsuite name="com.crm.qa.testcases.SocialPageTest" tests="10" time="429.284" ignored="0" failures="0" timestamp="07 Aug 2019 09:30:54 GMT" skipped="0" hostname="DESKTOP-G1T6KU3" errors="0">
  <testcase name="verifyDetailsPageTitleTest" time="42.649" classname="com.crm.qa.testcases.SocialPageTest"/>
  <testcase name="assertTermsAndCond" time="42.607" classname="com.crm.qa.testcases.SocialPageTest"/>
  <testcase name="enterFriendsEmail" time="44.490" classname="com.crm.qa.testcases.SocialPageTest"/>
  <testcase name="assertPrivacyPolicy" time="44.891" classname="com.crm.qa.testcases.SocialPageTest"/>
  <testcase name="assertFAQ" time="42.468" classname="com.crm.qa.testcases.SocialPageTest"/>
  <testcase name="verifytwitterIsDisplayed" time="43.060" classname="com.crm.qa.testcases.SocialPageTest"/>
  <testcase name="verifyImageIsDisplayed" time="42.203" classname="com.crm.qa.testcases.SocialPageTest"/>
  <testcase name="assertContactUs" time="42.610" classname="com.crm.qa.testcases.SocialPageTest"/>
  <testcase name="verifyBrandImageDisplayed" time="42.199" classname="com.crm.qa.testcases.SocialPageTest"/>
  <testcase name="verifyTextDisplayed" time="42.107" classname="com.crm.qa.testcases.SocialPageTest"/>
</testsuite> <!-- com.crm.qa.testcases.SocialPageTest -->
