<?xml version="1.0" encoding="UTF-8"?>
<!-- Generated by org.testng.reporters.JUnitReportReporter -->
<testsuite name="com.crm.qa.testcases.MyTransactionsPageTest" tests="7" time="158.023" ignored="0" failures="0" timestamp="07 Aug 2019 09:30:54 GMT" skipped="0" hostname="DESKTOP-G1T6KU3" errors="0">
  <testcase name="footerContactUs" time="22.996" classname="com.crm.qa.testcases.MyTransactionsPageTest"/>
  <testcase name="footerFAQ" time="21.922" classname="com.crm.qa.testcases.MyTransactionsPageTest"/>
  <testcase name="assertTermsAndCond" time="24.183" classname="com.crm.qa.testcases.MyTransactionsPageTest"/>
  <testcase name="isBrandLogoDisplayed" time="22.023" classname="com.crm.qa.testcases.MyTransactionsPageTest"/>
  <testcase name="footerPrivacyPolicy" time="22.307" classname="com.crm.qa.testcases.MyTransactionsPageTest"/>
  <testcase name="verifyDetailsPageTitleTest" time="22.409" classname="com.crm.qa.testcases.MyTransactionsPageTest"/>
  <testcase name="isBrandImageDisplayed" time="22.183" classname="com.crm.qa.testcases.MyTransactionsPageTest"/>
</testsuite> <!-- com.crm.qa.testcases.MyTransactionsPageTest -->
