<?xml version="1.0" encoding="UTF-8"?>
<!-- Generated by org.testng.reporters.JUnitReportReporter -->
<testsuite name="com.crm.qa.testcases.RegisterPageCanadianTest" tests="1" time="30.264" ignored="0" failures="0" timestamp="08 Aug 2019 11:39:48 GMT" skipped="0" hostname="DESKTOP-G1T6KU3" errors="0">
  <testcase name="registerNewUserTest" time="30.264" classname="com.crm.qa.testcases.RegisterPageCanadianTest"/>
</testsuite> <!-- com.crm.qa.testcases.RegisterPageCanadianTest -->
