<?xml version="1.0" encoding="UTF-8"?>
<!-- Generated by org.testng.reporters.JUnitReportReporter -->
<testsuite skipped="1" hostname="DESKTOP-G1T6KU3" name="demo.PopUp" tests="1" failures="0" timestamp="2020-07-15T15:42:11 IST" time="0.000" errors="0">
  <testcase name="switchingToPopUpWindows" time="0.000" classname="demo.PopUp">
    <skipped/>
  </testcase> <!-- switchingToPopUpWindows -->
  <system-out/>
</testsuite> <!-- demo.PopUp -->
