<?xml version="1.0" encoding="UTF-8"?>
<!-- Generated by org.testng.reporters.JUnitReportReporter -->
<testsuite name="com.crm.qa.testcases.MyProfilePageTest" tests="4" time="87.068" ignored="0" failures="0" timestamp="06 Aug 2019 21:18:10 GMT" skipped="0" hostname="DESKTOP-G1T6KU3" errors="0">
  <testcase name="footerContactUs" time="21.480" classname="com.crm.qa.testcases.MyProfilePageTest"/>
  <testcase name="footerFAQ" time="22.582" classname="com.crm.qa.testcases.MyProfilePageTest"/>
  <testcase name="verifyDetailsPageTitleTest" time="21.650" classname="com.crm.qa.testcases.MyProfilePageTest"/>
  <testcase name="assertTermsAndCond" time="21.356" classname="com.crm.qa.testcases.MyProfilePageTest"/>
</testsuite> <!-- com.crm.qa.testcases.MyProfilePageTest -->
