<?xml version="1.0" encoding="UTF-8"?>
<!-- Generated by org.testng.reporters.JUnitReportReporter -->
<testsuite name="com.mytests.LoginTest" tests="3" time="21.219" ignored="0" failures="0" timestamp="09 Aug 2019 17:48:15 GMT" skipped="0" hostname="DESKTOP-G1T6KU3" errors="0">
  <testcase name="verifyLoginPageHeaderTextTest" time="7.773" classname="com.mytests.LoginTest"/>
  <testcase name="doLoginTest" time="6.981" classname="com.mytests.LoginTest"/>
  <testcase name="verifyLoginPageTitleTest" time="6.465" classname="com.mytests.LoginTest"/>
</testsuite> <!-- com.mytests.LoginTest -->
