<?xml version="1.0" encoding="UTF-8"?>
<!-- Generated by org.testng.reporters.JUnitReportReporter -->
<testsuite name="com.crm.qa.testcases.CheckLinksAllPagesHomeTest" tests="3" time="82.817" ignored="0" failures="0" timestamp="07 Aug 2019 09:30:54 GMT" skipped="0" hostname="DESKTOP-G1T6KU3" errors="0">
  <testcase name="checkLinksHowItWorks" time="30.793" classname="com.crm.qa.testcases.CheckLinksAllPagesHomeTest"/>
  <testcase name="checkLinksFAQ" time="26.720" classname="com.crm.qa.testcases.CheckLinksAllPagesHomeTest"/>
  <testcase name="checkLinksRegister" time="25.304" classname="com.crm.qa.testcases.CheckLinksAllPagesHomeTest"/>
</testsuite> <!-- com.crm.qa.testcases.CheckLinksAllPagesHomeTest -->
