<?xml version="1.0" encoding="UTF-8"?>
<!-- Generated by org.testng.reporters.JUnitReportReporter -->
<testsuite name="com.crm.qa.testcases.CheckLinksAllPagesTest" tests="8" time="221.240" ignored="0" failures="0" timestamp="07 Aug 2019 10:05:57 GMT" skipped="0" hostname="DESKTOP-G1T6KU3" errors="0">
  <testcase name="checkLinksLocations" time="25.340" classname="com.crm.qa.testcases.CheckLinksAllPagesTest"/>
  <testcase name="checkLinksDetailsHome" time="29.210" classname="com.crm.qa.testcases.CheckLinksAllPagesTest"/>
  <testcase name="checkLinksSocialPage" time="24.994" classname="com.crm.qa.testcases.CheckLinksAllPagesTest"/>
  <testcase name="checkLinksMyTransactions" time="27.868" classname="com.crm.qa.testcases.CheckLinksAllPagesTest"/>
  <testcase name="checkLinksOffers" time="30.264" classname="com.crm.qa.testcases.CheckLinksAllPagesTest"/>
  <testcase name="checkLinksCheckBalance" time="29.036" classname="com.crm.qa.testcases.CheckLinksAllPagesTest"/>
  <testcase name="checkLinksmyProfile" time="27.252" classname="com.crm.qa.testcases.CheckLinksAllPagesTest"/>
  <testcase name="checkLinksuploadReciept" time="27.276" classname="com.crm.qa.testcases.CheckLinksAllPagesTest"/>
</testsuite> <!-- com.crm.qa.testcases.CheckLinksAllPagesTest -->
